c:\users\kyj90\source\repos\dll1\dll1\release\dll1.pch
c:\users\kyj90\source\repos\dll1\dll1\release\vc143.pdb
c:\users\kyj90\source\repos\dll1\dll1\release\pch.obj
c:\users\kyj90\source\repos\dll1\dll1\release\dllmain.obj
c:\users\kyj90\source\repos\예외처리까지 - 복사본 (2)\dll1\release\dll1.pch
c:\users\kyj90\source\repos\예외처리까지 - 복사본 (2)\dll1\release\vc143.pdb
c:\users\kyj90\source\repos\예외처리까지 - 복사본 (2)\dll1\release\pch.obj
c:\users\kyj90\source\repos\예외처리까지 - 복사본 (2)\dll1\release\dllmain.obj
c:\users\kyj90\source\repos\dll1\release\dll1.lib
c:\users\kyj90\source\repos\dll1\release\dll1.exp
c:\users\kyj90\source\repos\dll1\release\dll1.dll
c:\users\kyj90\source\repos\dll1\dll1\release\dll1.ipdb
c:\users\kyj90\source\repos\dll1\dll1\release\dll1.iobj
c:\users\kyj90\source\repos\dll1\release\dll1.pdb
c:\users\kyj90\source\repos\예외처리까지 - 복사본 (2)\release\dll1.lib
c:\users\kyj90\source\repos\예외처리까지 - 복사본 (2)\release\dll1.exp
c:\users\kyj90\source\repos\예외처리까지 - 복사본 (2)\release\dll1.dll
c:\users\kyj90\source\repos\예외처리까지 - 복사본 (2)\dll1\release\dll1.ipdb
c:\users\kyj90\source\repos\예외처리까지 - 복사본 (2)\dll1\release\dll1.iobj
c:\users\kyj90\source\repos\예외처리까지 - 복사본 (2)\release\dll1.pdb
c:\users\kyj90\source\repos\예외처리까지 - 복사본 (2)\dll1\release\dll1.tlog\cl.command.1.tlog
c:\users\kyj90\source\repos\예외처리까지 - 복사본 (2)\dll1\release\dll1.tlog\cl.read.1.tlog
c:\users\kyj90\source\repos\예외처리까지 - 복사본 (2)\dll1\release\dll1.tlog\cl.write.1.tlog
c:\users\kyj90\source\repos\예외처리까지 - 복사본 (2)\dll1\release\dll1.tlog\link.command.1.tlog
c:\users\kyj90\source\repos\예외처리까지 - 복사본 (2)\dll1\release\dll1.tlog\link.read.1.tlog
c:\users\kyj90\source\repos\예외처리까지 - 복사본 (2)\dll1\release\dll1.tlog\link.write.1.tlog
c:\users\kyj90\source\repos\예외처리까지 - 복사본 (2)\dll1\release\dll1.tlog\link.write.2u.tlog
